0 info it worked if it ends with ok
1 verbose cli [ 'C:\\nodejs\\node.exe',
1 verbose cli   'C:\\nodejs\\node_modules\\npm\\bin\\npm-cli.js',
1 verbose cli   'start' ]
2 info using npm@3.10.10
3 info using node@v6.11.0
4 verbose run-script [ 'prestart', 'start', 'poststart' ]
5 info lifecycle typescript-complete@1.0.0~prestart: typescript-complete@1.0.0
6 silly lifecycle typescript-complete@1.0.0~prestart: no script for prestart, continuing
7 info lifecycle typescript-complete@1.0.0~start: typescript-complete@1.0.0
8 verbose lifecycle typescript-complete@1.0.0~start: unsafe-perm in lifecycle true
9 verbose lifecycle typescript-complete@1.0.0~start: PATH: C:\nodejs\node_modules\npm\bin\node-gyp-bin;E:\Video Hoc Lap Trinh Angular Nodejs\Udemy\Understanding TypeScript\06 Namespaces and Modules\attached_files\080 Module Summary\Modules\Modules\node_modules\.bin;C:\WINDOWS\system32;C:\WINDOWS;C:\WINDOWS\System32\Wbem;C:\WINDOWS\System32\WindowsPowerShell\v1.0\;C:\Program Files (x86)\Skype\Phone\;C:\nodejs\;C:\xampp\php;C:\ProgramData\ComposerSetup\bin;C:\mongodb\bin;C:\Program Files\Git\cmd;C:\Users\nghiepuit\AppData\Local\Microsoft\WindowsApps;C:\Users\nghiepuit\AppData\Roaming\npm;C:\Users\nghiepuit\AppData\Roaming\Composer\vendor\bin;C:\Users\nghiepuit\AppData\Local\atom\bin
10 verbose lifecycle typescript-complete@1.0.0~start: CWD: E:\Video Hoc Lap Trinh Angular Nodejs\Udemy\Understanding TypeScript\06 Namespaces and Modules\attached_files\080 Module Summary\Modules\Modules
11 silly lifecycle typescript-complete@1.0.0~start: Args: [ '/d /s /c', 'lite-server' ]
12 verbose stack Error: kill ENOSYS
12 verbose stack     at exports._errnoException (util.js:1018:11)
12 verbose stack     at process.kill (internal/process.js:190:13)
12 verbose stack     at process.listener (C:\nodejs\node_modules\npm\node_modules\npmlog\node_modules\gauge\node_modules\signal-exit\index.js:86:15)
12 verbose stack     at emitNone (events.js:91:20)
12 verbose stack     at process.emit (events.js:185:7)
12 verbose stack     at processEmit (C:\nodejs\node_modules\npm\node_modules\npmlog\node_modules\gauge\node_modules\signal-exit\index.js:146:32)
12 verbose stack     at processEmit (C:\nodejs\node_modules\npm\node_modules\npm-registry-client\node_modules\npmlog\node_modules\gauge\node_modules\signal-exit\index.js:146:32)
12 verbose stack     at Signal.wrap.onsignal (internal/process.js:217:44)
13 verbose cwd E:\Video Hoc Lap Trinh Angular Nodejs\Udemy\Understanding TypeScript\06 Namespaces and Modules\attached_files\080 Module Summary\Modules\Modules
14 error Windows_NT 10.0.15063
15 error argv "C:\\nodejs\\node.exe" "C:\\nodejs\\node_modules\\npm\\bin\\npm-cli.js" "start"
16 error node v6.11.0
17 error npm  v3.10.10
18 error code ENOSYS
19 error errno ENOSYS
20 error syscall kill
21 error kill ENOSYS
22 error If you need help, you may report this error at:
22 error     <https://github.com/npm/npm/issues>
23 verbose exit [ 1, true ]
